2026-04-07T19:16:53.5155227Z,Updating submodules.,57ce0b92-bc9b-4026-bcd3-adfda86bc461,0
2026-04-07T19:16:53.5467719Z,Preparing deployment for commit id 'b5592a88cf'.,d0bb7496-a42f-469f-a0db-60f3b8cf0558,0
2026-04-07T19:16:53.6561527Z,Generating deployment script.,be0214c1-abc5-4936-9e83-a3bf8e2e0619,0
	2026-04-07T19:16:53.6717805Z,Using cached version of deployment script (command: 'azure -y --no-dot-deployment -r "C:\local\Temp\zipdeploy\extracted" -o "C:\home\site\deployments\tools" --basic --sitePath "C:\local\Temp\zipdeploy\extracted"').,,0
2026-04-07T19:16:53.7030232Z,Running deployment command...,33953ded-289c-44b4-9186-9b4c991a28b1,0
	2026-04-07T19:16:53.7186488Z,Command: "C:\home\site\deployments\tools\deploy.cmd",,0
	2026-04-07T19:16:53.8749018Z,Handling Basic Web Site deployment.,,0
	2026-04-07T19:16:54.3749078Z,Creating app_offline.htm,,0
	2026-04-07T19:16:54.3905332Z,KuduSync.NET from: 'C:\local\Temp\zipdeploy\extracted' to: 'C:\home\site\wwwroot',,0
	2026-04-07T19:16:54.3905332Z,Copying file: 'AngelsLandingIdentity.sqlite',,0
	2026-04-07T19:16:54.4061582Z,Copying file: 'AngelsLandingv2.API',,0
	2026-04-07T19:16:54.4061582Z,Copying file: 'AngelsLandingv2.API.dll',,0
	2026-04-07T19:16:54.4217841Z,Copying file: 'AngelsLandingv2.API.pdb',,0
	2026-04-07T19:16:54.4374098Z,Copying file: 'bin-verify\AngelsLandingv2.API.deps.json',,0
	2026-04-07T19:16:54.4530344Z,Copying file: 'bin-verify\AngelsLandingv2.API.runtimeconfig.json',,0
	2026-04-07T19:16:54.4686576Z,Copying file: 'bin-verify\AngelsLandingv2.API.staticwebassets.endpoints.json',,0
	2026-04-07T19:16:54.4686576Z,Copying file: 'bin-verify\appsettings.json',,0
	2026-04-07T19:16:54.4842843Z,Copying file: 'bin-verify\BuildHost-net472\Microsoft.CodeAnalysis.Workspaces.MSBuild.BuildHost.exe.config',,0
	2026-04-07T19:16:54.4842843Z,Copying file: 'bin-verify\BuildHost-netcore\Microsoft.CodeAnalysis.Workspaces.MSBuild.BuildHost.deps.json',,0
	2026-04-07T19:16:54.4999091Z,Copying file: 'bin-verify\BuildHost-netcore\Microsoft.CodeAnalysis.Workspaces.MSBuild.BuildHost.dll.config',,0
	2026-04-07T19:16:54.4999091Z,Copying file: 'bin-verify\BuildHost-netcore\Microsoft.CodeAnalysis.Workspaces.MSBuild.BuildHost.runtimeconfig.json',,0
	2026-04-07T19:16:54.5155350Z,Copying file: 'publish\AngelsLandingv2.API.deps.json',,0
	2026-04-07T19:16:57.0780914Z,Copying file: 'publish\AngelsLandingv2.API.runtimeconfig.json',,0
	2026-04-07T19:16:57.0936989Z,Copying file: 'publish\AngelsLandingv2.API.staticwebassets.endpoints.json',,0
	2026-04-07T19:16:57.0936989Z,Copying file: 'publish\appsettings.Development.json',,0
	2026-04-07T19:16:57.1093280Z,Copying file: 'publish\appsettings.json',,0
	2026-04-07T19:16:57.1249483Z,Copying file: 'publish\BuildHost-net472\Microsoft.CodeAnalysis.Workspaces.MSBuild.BuildHost.exe.config',,0
	2026-04-07T19:16:57.1405731Z,Copying file: 'publish\BuildHost-netcore\Microsoft.CodeAnalysis.Workspaces.MSBuild.BuildHost.deps.json',,0
	2026-04-07T19:16:57.1561986Z,Copying file: 'publish\BuildHost-netcore\Microsoft.CodeAnalysis.Workspaces.MSBuild.BuildHost.dll.config',,0
	2026-04-07T19:16:57.1718247Z,Copying file: 'publish\BuildHost-netcore\Microsoft.CodeAnalysis.Workspaces.MSBuild.BuildHost.runtimeconfig.json',,0
	2026-04-07T19:16:57.1718247Z,Copying file: 'publish\web.config',,0
	2026-04-07T19:16:57.1874497Z,Deleting app_offline.htm,,0
	2026-04-07T19:16:57.1874497Z,Finished successfully.,,0
2026-04-07T19:16:57.2187002Z,Running post deployment command(s)...,a20e3371-1f61-4be0-aa5d-e07060c37724,0
2026-04-07T19:16:57.2655815Z,Triggering recycle (preview mode disabled).,b9c0aa4a-30c6-4d35-917c-115e958ee078,0
2026-04-07T19:16:57.3124533Z,Deployment successful.,fd276b40-4fae-4380-b613-df17980a6062,0
