2026-04-07T20:28:19.6542635Z,Updating submodules.,133ababf-3632-4f7e-a48a-5102a7a655b2,0
2026-04-07T20:28:19.7011968Z,Preparing deployment for commit id '65ddad51ab'.,ee557fcb-15ac-4950-8e78-e47eea88169b,0
2026-04-07T20:28:19.7948838Z,Generating deployment script.,36649d5e-4921-4e3e-9ddb-f6bde8f3f2fc,0
	2026-04-07T20:28:19.8417617Z,Using cached version of deployment script (command: 'azure -y --no-dot-deployment -r "C:\local\Temp\zipdeploy\extracted" -o "C:\home\site\deployments\tools" --basic --sitePath "C:\local\Temp\zipdeploy\extracted"').,,0
2026-04-07T20:28:19.9823869Z,Running deployment command...,245a088f-0bcb-43b7-86bc-a942277abc43,0
	2026-04-07T20:28:19.9823869Z,Command: "C:\home\site\deployments\tools\deploy.cmd",,0
	2026-04-07T20:28:20.1698888Z,Handling Basic Web Site deployment.,,0
	2026-04-07T20:28:20.5292681Z,Creating app_offline.htm,,0
	2026-04-07T20:28:20.5448991Z,KuduSync.NET from: 'C:\local\Temp\zipdeploy\extracted' to: 'C:\home\site\wwwroot',,0
	2026-04-07T20:28:20.5605190Z,Copying file: 'AngelsLandingv2.API',,0
	2026-04-07T20:28:20.5605190Z,Copying file: 'AngelsLandingv2.API.dll',,0
	2026-04-07T20:28:20.5761450Z,Copying file: 'AngelsLandingv2.API.pdb',,0
	2026-04-07T20:28:20.5761450Z,Copying file: 'AngelsLandingv2.sqlite',,0
	2026-04-07T20:28:20.5917729Z,Copying file: 'publish\bin-verify\AngelsLandingv2.API.deps.json',,0
	2026-04-07T20:28:20.6073952Z,Copying file: 'publish\bin-verify\AngelsLandingv2.API.runtimeconfig.json',,0
	2026-04-07T20:28:20.6073952Z,Copying file: 'publish\bin-verify\AngelsLandingv2.API.staticwebassets.endpoints.json',,0
	2026-04-07T20:28:20.6230261Z,Copying file: 'publish\bin-verify\appsettings.json',,0
	2026-04-07T20:28:20.6230261Z,Copying file: 'publish\bin-verify\BuildHost-net472\Microsoft.CodeAnalysis.Workspaces.MSBuild.BuildHost.exe.config',,0
	2026-04-07T20:28:20.6386444Z,Copying file: 'publish\bin-verify\BuildHost-netcore\Microsoft.CodeAnalysis.Workspaces.MSBuild.BuildHost.deps.json',,0
	2026-04-07T20:28:20.6542710Z,Copying file: 'publish\bin-verify\BuildHost-netcore\Microsoft.CodeAnalysis.Workspaces.MSBuild.BuildHost.dll.config',,0
	2026-04-07T20:28:20.6698959Z,Copying file: 'publish\bin-verify\BuildHost-netcore\Microsoft.CodeAnalysis.Workspaces.MSBuild.BuildHost.runtimeconfig.json',,0
	2026-04-07T20:28:22.6074232Z,Copying file: 'publish\publish\AngelsLandingv2.API.deps.json',,0
	2026-04-07T20:28:22.6230450Z,Copying file: 'publish\publish\AngelsLandingv2.API.runtimeconfig.json',,0
	2026-04-07T20:28:22.6386716Z,Copying file: 'publish\publish\AngelsLandingv2.API.staticwebassets.endpoints.json',,0
	2026-04-07T20:28:22.6542969Z,Copying file: 'publish\publish\appsettings.Development.json',,0
	2026-04-07T20:28:22.6542969Z,Copying file: 'publish\publish\appsettings.json',,0
	2026-04-07T20:28:22.6699217Z,Copying file: 'publish\publish\BuildHost-net472\Microsoft.CodeAnalysis.Workspaces.MSBuild.BuildHost.exe.config',,0
	2026-04-07T20:28:22.6699217Z,Copying file: 'publish\publish\BuildHost-netcore\Microsoft.CodeAnalysis.Workspaces.MSBuild.BuildHost.deps.json',,0
	2026-04-07T20:28:22.6855474Z,Copying file: 'publish\publish\BuildHost-netcore\Microsoft.CodeAnalysis.Workspaces.MSBuild.BuildHost.dll.config',,0
	2026-04-07T20:28:22.7011730Z,Copying file: 'publish\publish\BuildHost-netcore\Microsoft.CodeAnalysis.Workspaces.MSBuild.BuildHost.runtimeconfig.json',,0
	2026-04-07T20:28:22.7011730Z,Copying file: 'publish\publish\web.config',,0
	2026-04-07T20:28:22.7167981Z,Deleting app_offline.htm,,0
	2026-04-07T20:28:22.7167981Z,Finished successfully.,,0
2026-04-07T20:28:22.7792986Z,Running post deployment command(s)...,e5bdfaf5-76d2-48bc-bb15-8970a2002f04,0
2026-04-07T20:28:22.8105490Z,Triggering recycle (preview mode disabled).,e70a0d44-d75b-45dd-b4b0-f603e890ac67,0
2026-04-07T20:28:22.8574245Z,Deployment successful.,b307e110-80e5-483f-a590-43fffb784f43,0
